<?xml version="1.0" encoding="UTF-8"?>
<!-- Generated by org.testng.reporters.JUnitReportReporter -->
<testsuite skipped="0" hostname="LAPTOP-RPAFRD1F" name="test.LoginTest" tests="1" failures="0" timestamp="23 Sep 2020 14:44:59 GMT" time="12.451" errors="0">
  <testcase name="validUserShouldBeAbleToLogin" time="12.451" classname="test.LoginTest"/>
</testsuite> <!-- test.LoginTest -->
