<?xml version="1.0" encoding="UTF-8"?>
<!-- Generated by org.testng.reporters.JUnitReportReporter -->
<testsuite skipped="0" hostname="LAPTOP-RPAFRD1F" name="test.AddCustomerTest" tests="1" failures="0" timestamp="23 Sep 2020 14:45:54 GMT" time="29.572" errors="0">
  <testcase name="validUserShouldBeAbleToAddCustomer" time="29.572" classname="test.AddCustomerTest"/>
</testsuite> <!-- test.AddCustomerTest -->
